<?xml version="1.0" encoding="UTF-8"?>
<testsuite xmlns:xsi="http://www.w3.org/2001/XMLSchema-instance" xsi:noNamespaceSchemaLocation="https://maven.apache.org/surefire/maven-surefire-plugin/xsd/surefire-test-report.xsd" name="TestSuite" time="156.334" tests="13" errors="0" skipped="0" failures="0">
  <properties>
[...]
</properties>
  <testcase name="testAllSearchResultsContainsSearchValue" classname="tests.SearchResultsTests" time="23.457"/>
  <testcase name="testClearSearchResultsInput" classname="tests.SearchResultsTests" time="9.427"/>
  <testcase name="testClickBet" classname="tests.SearchResultsTests" time="8.758"/>
  <testcase name="testCloseSearchResultsPopup" classname="tests.SearchResultsTests" time="9.56"/>
  <testcase name="testEmptySearchFromSearchResults" classname="tests.SearchResultsTests" time="9.151"/>
  <testcase name="testLiveResultsAreNotDisplayed" classname="tests.SearchResultsTests" time="8.479"/>
  <testcase name="testNegativeSearchFromSearchResults" classname="tests.SearchResultsTests" time="8.977"/>
  <testcase name="testNewTabWithSearchResultContainsSearchValue" classname="tests.SearchResultsTests" time="18.634"/>
  <testcase name="testNoResultsAreDisplayed" classname="tests.SearchResultsTests" time="19.591"/>
  <testcase name="testNumberOfSearchResultsMatchesReality" classname="tests.SearchResultsTests" time="9.598"/>
  <testcase name="testPositiveSearchFromSearchResults" classname="tests.SearchResultsTests" time="8.807"/>
  <testcase name="testSearchValueMatchesValueAtSearchResults" classname="tests.SearchResultsTests" time="9.395"/>
  <testcase name="testSportsResultsAreNotDisplayed" classname="tests.SearchResultsTests" time="9.032"/>
</testsuite>