<?xml version="1.0" encoding="UTF-8"?>
<!-- Generated by org.testng.reporters.JUnitXMLReporter -->
<testsuite hostname="MICROSOFT-PC" ignored="0" name="SearchResultsTests" tests="13" failures="0" timestamp="04 мар 2021 09:46:43 GMT" time="154.133" errors="0">
  <testcase name="testAllSearchResultsContainsSearchValue" time="24.331" classname="tests.SearchResultsTests"/>
  <testcase name="testClearSearchResultsInput" time="9.422" classname="tests.SearchResultsTests"/>
  <testcase name="testClickBet" time="8.76" classname="tests.SearchResultsTests"/>
  <testcase name="testCloseSearchResultsPopup" time="9.554" classname="tests.SearchResultsTests"/>
  <testcase name="testEmptySearchFromSearchResults" time="9.153" classname="tests.SearchResultsTests"/>
  <testcase name="testLiveResultsAreNotDisplayed" time="8.48" classname="tests.SearchResultsTests"/>
  <testcase name="testNegativeSearchFromSearchResults" time="8.97" classname="tests.SearchResultsTests"/>
  <testcase name="testNewTabWithSearchResultContainsSearchValue" time="18.645" classname="tests.SearchResultsTests"/>
  <testcase name="testNoResultsAreDisplayed" time="19.59" classname="tests.SearchResultsTests"/>
  <testcase name="testNumberOfSearchResultsMatchesReality" time="9.593" classname="tests.SearchResultsTests"/>
  <testcase name="testPositiveSearchFromSearchResults" time="8.806" classname="tests.SearchResultsTests"/>
  <testcase name="testSearchValueMatchesValueAtSearchResults" time="9.395" classname="tests.SearchResultsTests"/>
  <testcase name="testSportsResultsAreNotDisplayed" time="9.032" classname="tests.SearchResultsTests"/>
</testsuite> <!-- SearchResultsTests -->
